
*** Running vivado
    with args -log design_1_dlmb_v10_0.vds -m64 -product Vivado -mode batch -messageDb vivado.pb -notrace -source design_1_dlmb_v10_0.tcl


****** Vivado v2023.2.2 (64-bit)
  **** SW Build 4126759 on Thu Feb  8 23:52:05 MST 2024
  **** IP Build 4126054 on Fri Feb  9 11:39:09 MST 2024
  **** SharedData Build 4115275 on Tue Jan 30 00:40:57 MST 2024
    ** Copyright 1986-2022 Xilinx, Inc. All Rights Reserved.
    ** Copyright 2022-2024 Advanced Micro Devices, Inc. All Rights Reserved.

source design_1_dlmb_v10_0.tcl -notrace
create_project: Time (s): cpu = 00:00:06 ; elapsed = 00:00:06 . Memory (MB): peak = 1282.879 ; gain = 11.930 ; free physical = 18790 ; free virtual = 24112
INFO: [IP_Flow 19-6924] IPCACHE: Running cache check for IP inst: design_1_dlmb_v10_0
Command: synth_design -top design_1_dlmb_v10_0 -part xcu200-fsgd2104-2-e -incremental_mode off -mode out_of_context
Starting synth_design
Attempting to get a license for feature 'Synthesis' and/or device 'xcu200'
INFO: [Common 17-349] Got license for feature 'Synthesis' and/or device 'xcu200'
INFO: [Device 21-403] Loading part xcu200-fsgd2104-2-e
INFO: [Synth 8-7079] Multithreading enabled for synth_design using a maximum of 4 processes.
INFO: [Synth 8-7078] Launching helper process for spawning children vivado processes
INFO: [Synth 8-7075] Helper process launched with PID 19447
---------------------------------------------------------------------------------
Starting RTL Elaboration : Time (s): cpu = 00:00:04 ; elapsed = 00:00:05 . Memory (MB): peak = 2769.500 ; gain = 397.715 ; free physical = 13571 ; free virtual = 18851
---------------------------------------------------------------------------------
INFO: [Synth 8-638] synthesizing module 'design_1_dlmb_v10_0' [/home/mario_local/Documentos/TFM/VivadoTutorial/IPI-Basics/Lab-1/Lab-1.gen/sources_1/bd/design_1/ip/design_1_dlmb_v10_0/synth/design_1_dlmb_v10_0.vhd:89]
	Parameter C_LMB_NUM_SLAVES bound to: 1 - type: integer 
	Parameter C_LMB_DWIDTH bound to: 32 - type: integer 
	Parameter C_LMB_AWIDTH bound to: 32 - type: integer 
	Parameter C_LMB_PROTOCOL bound to: 0 - type: integer 
	Parameter C_EXT_RESET_HIGH bound to: 1 - type: integer 
INFO: [Synth 8-3491] module 'lmb_v10' declared at '/home/mario_local/Documentos/TFM/VivadoTutorial/IPI-Basics/Lab-1/Lab-1.gen/sources_1/bd/design_1/ipshared/ae24/hdl/lmb_v10_v3_0_vh_rfs.vhd:91' bound to instance 'U0' of component 'lmb_v10' [/home/mario_local/Documentos/TFM/VivadoTutorial/IPI-Basics/Lab-1/Lab-1.gen/sources_1/bd/design_1/ip/design_1_dlmb_v10_0/synth/design_1_dlmb_v10_0.vhd:165]
INFO: [Synth 8-638] synthesizing module 'lmb_v10' [/home/mario_local/Documentos/TFM/VivadoTutorial/IPI-Basics/Lab-1/Lab-1.gen/sources_1/bd/design_1/ipshared/ae24/hdl/lmb_v10_v3_0_vh_rfs.vhd:140]
INFO: [Synth 8-3491] module 'FDS' declared at '/opt/xilinx/Vivado/2023.2/scripts/rt/data/unisim_comp.v:41128' bound to instance 'POR_FF_I' of component 'FDS' [/home/mario_local/Documentos/TFM/VivadoTutorial/IPI-Basics/Lab-1/Lab-1.gen/sources_1/bd/design_1/ipshared/ae24/hdl/lmb_v10_v3_0_vh_rfs.vhd:170]
INFO: [Synth 8-6157] synthesizing module 'FDS' [/opt/xilinx/Vivado/2023.2/scripts/rt/data/unisim_comp.v:41128]
INFO: [Synth 8-6155] done synthesizing module 'FDS' (0#1) [/opt/xilinx/Vivado/2023.2/scripts/rt/data/unisim_comp.v:41128]
INFO: [Synth 8-256] done synthesizing module 'lmb_v10' (0#1) [/home/mario_local/Documentos/TFM/VivadoTutorial/IPI-Basics/Lab-1/Lab-1.gen/sources_1/bd/design_1/ipshared/ae24/hdl/lmb_v10_v3_0_vh_rfs.vhd:140]
INFO: [Synth 8-256] done synthesizing module 'design_1_dlmb_v10_0' (0#1) [/home/mario_local/Documentos/TFM/VivadoTutorial/IPI-Basics/Lab-1/Lab-1.gen/sources_1/bd/design_1/ip/design_1_dlmb_v10_0/synth/design_1_dlmb_v10_0.vhd:89]
---------------------------------------------------------------------------------
Finished RTL Elaboration : Time (s): cpu = 00:00:06 ; elapsed = 00:00:06 . Memory (MB): peak = 2849.469 ; gain = 477.684 ; free physical = 13393 ; free virtual = 18675
---------------------------------------------------------------------------------
---------------------------------------------------------------------------------
Start Handling Custom Attributes
---------------------------------------------------------------------------------
---------------------------------------------------------------------------------
Finished Handling Custom Attributes : Time (s): cpu = 00:00:06 ; elapsed = 00:00:06 . Memory (MB): peak = 2855.406 ; gain = 483.621 ; free physical = 13388 ; free virtual = 18671
---------------------------------------------------------------------------------
---------------------------------------------------------------------------------
Finished RTL Optimization Phase 1 : Time (s): cpu = 00:00:06 ; elapsed = 00:00:06 . Memory (MB): peak = 2855.406 ; gain = 483.621 ; free physical = 13388 ; free virtual = 18671
---------------------------------------------------------------------------------
Netlist sorting complete. Time (s): cpu = 00:00:00 ; elapsed = 00:00:00 . Memory (MB): peak = 2869.344 ; gain = 0.000 ; free physical = 13357 ; free virtual = 18639
INFO: [Netlist 29-17] Analyzing 1 Unisim elements for replacement
INFO: [Netlist 29-28] Unisim Transformation completed in 0 CPU seconds
INFO: [Project 1-570] Preparing netlist for logic optimization

Processing XDC Constraints
Initializing timing engine
Parsing XDC File [/home/mario_local/Documentos/TFM/VivadoTutorial/IPI-Basics/Lab-1/Lab-1.gen/sources_1/bd/design_1/ip/design_1_dlmb_v10_0/design_1_dlmb_v10_0_ooc.xdc] for cell 'U0'
Finished Parsing XDC File [/home/mario_local/Documentos/TFM/VivadoTutorial/IPI-Basics/Lab-1/Lab-1.gen/sources_1/bd/design_1/ip/design_1_dlmb_v10_0/design_1_dlmb_v10_0_ooc.xdc] for cell 'U0'
Parsing XDC File [/home/mario_local/Documentos/TFM/VivadoTutorial/IPI-Basics/Lab-1/Lab-1.runs/design_1_dlmb_v10_0_synth_1/dont_touch.xdc]
Finished Parsing XDC File [/home/mario_local/Documentos/TFM/VivadoTutorial/IPI-Basics/Lab-1/Lab-1.runs/design_1_dlmb_v10_0_synth_1/dont_touch.xdc]
Completed Processing XDC Constraints

Netlist sorting complete. Time (s): cpu = 00:00:00 ; elapsed = 00:00:00 . Memory (MB): peak = 2941.008 ; gain = 0.000 ; free physical = 12607 ; free virtual = 17890
INFO: [Project 1-111] Unisim Transformation Summary:
  A total of 1 instances were transformed.
  FDS => FDSE: 1 instance 

Constraint Validation Runtime : Time (s): cpu = 00:00:00.02 ; elapsed = 00:00:00.01 . Memory (MB): peak = 2941.043 ; gain = 0.000 ; free physical = 12592 ; free virtual = 17874
INFO: [Designutils 20-5008] Incremental synthesis strategy off
---------------------------------------------------------------------------------
Finished Constraint Validation : Time (s): cpu = 00:00:16 ; elapsed = 00:00:16 . Memory (MB): peak = 2941.043 ; gain = 569.258 ; free physical = 12400 ; free virtual = 17683
---------------------------------------------------------------------------------
---------------------------------------------------------------------------------
Start Loading Part and Timing Information
---------------------------------------------------------------------------------
Loading part: xcu200-fsgd2104-2-e
INFO: [Synth 8-6742] Reading net delay rules and data
---------------------------------------------------------------------------------
Finished Loading Part and Timing Information : Time (s): cpu = 00:00:16 ; elapsed = 00:00:16 . Memory (MB): peak = 2941.043 ; gain = 569.258 ; free physical = 12400 ; free virtual = 17683
---------------------------------------------------------------------------------
---------------------------------------------------------------------------------
Start Applying 'set_property' XDC Constraints
---------------------------------------------------------------------------------
Applied set_property KEEP_HIERARCHY = SOFT for U0. (constraint file  /home/mario_local/Documentos/TFM/VivadoTutorial/IPI-Basics/Lab-1/Lab-1.runs/design_1_dlmb_v10_0_synth_1/dont_touch.xdc, line 9).
---------------------------------------------------------------------------------
Finished applying 'set_property' XDC Constraints : Time (s): cpu = 00:00:16 ; elapsed = 00:00:16 . Memory (MB): peak = 2941.043 ; gain = 569.258 ; free physical = 12400 ; free virtual = 17682
---------------------------------------------------------------------------------
---------------------------------------------------------------------------------
Finished RTL Optimization Phase 2 : Time (s): cpu = 00:00:16 ; elapsed = 00:00:16 . Memory (MB): peak = 2941.043 ; gain = 569.258 ; free physical = 12379 ; free virtual = 17663
---------------------------------------------------------------------------------
---------------------------------------------------------------------------------
Start RTL Component Statistics 
---------------------------------------------------------------------------------
Detailed RTL Component Info : 
---------------------------------------------------------------------------------
Finished RTL Component Statistics 
---------------------------------------------------------------------------------
---------------------------------------------------------------------------------
Start Part Resource Summary
---------------------------------------------------------------------------------
Part Resources:
DSPs: 6840 (col length:120)
BRAMs: 4320 (col length: RAMB18 360 RAMB36 180)
---------------------------------------------------------------------------------
Finished Part Resource Summary
---------------------------------------------------------------------------------
---------------------------------------------------------------------------------
Start Cross Boundary and Area Optimization
---------------------------------------------------------------------------------
WARNING: [Synth 8-7080] Parallel synthesis criteria is not met
---------------------------------------------------------------------------------
Finished Cross Boundary and Area Optimization : Time (s): cpu = 00:00:17 ; elapsed = 00:00:17 . Memory (MB): peak = 2941.043 ; gain = 569.258 ; free physical = 12246 ; free virtual = 17530
---------------------------------------------------------------------------------
---------------------------------------------------------------------------------
Start Applying XDC Timing Constraints
---------------------------------------------------------------------------------
---------------------------------------------------------------------------------
Finished Applying XDC Timing Constraints : Time (s): cpu = 00:00:23 ; elapsed = 00:00:24 . Memory (MB): peak = 3209.820 ; gain = 838.035 ; free physical = 11821 ; free virtual = 17105
---------------------------------------------------------------------------------
---------------------------------------------------------------------------------
Start Timing Optimization
---------------------------------------------------------------------------------
---------------------------------------------------------------------------------
Finished Timing Optimization : Time (s): cpu = 00:00:23 ; elapsed = 00:00:24 . Memory (MB): peak = 3209.820 ; gain = 838.035 ; free physical = 11821 ; free virtual = 17105
---------------------------------------------------------------------------------
---------------------------------------------------------------------------------
Start Technology Mapping
---------------------------------------------------------------------------------
---------------------------------------------------------------------------------
Finished Technology Mapping : Time (s): cpu = 00:00:23 ; elapsed = 00:00:24 . Memory (MB): peak = 3219.836 ; gain = 848.051 ; free physical = 11808 ; free virtual = 17092
---------------------------------------------------------------------------------
---------------------------------------------------------------------------------
Start IO Insertion
---------------------------------------------------------------------------------
---------------------------------------------------------------------------------
Start Flattening Before IO Insertion
---------------------------------------------------------------------------------
---------------------------------------------------------------------------------
Finished Flattening Before IO Insertion
---------------------------------------------------------------------------------
---------------------------------------------------------------------------------
Start Final Netlist Cleanup
---------------------------------------------------------------------------------
---------------------------------------------------------------------------------
Finished Final Netlist Cleanup
---------------------------------------------------------------------------------
---------------------------------------------------------------------------------
Finished IO Insertion : Time (s): cpu = 00:00:27 ; elapsed = 00:00:28 . Memory (MB): peak = 3235.680 ; gain = 863.895 ; free physical = 11962 ; free virtual = 17283
---------------------------------------------------------------------------------
---------------------------------------------------------------------------------
Start Renaming Generated Instances
---------------------------------------------------------------------------------
---------------------------------------------------------------------------------
Finished Renaming Generated Instances : Time (s): cpu = 00:00:27 ; elapsed = 00:00:28 . Memory (MB): peak = 3235.680 ; gain = 863.895 ; free physical = 11962 ; free virtual = 17283
---------------------------------------------------------------------------------
---------------------------------------------------------------------------------
Start Rebuilding User Hierarchy
---------------------------------------------------------------------------------
---------------------------------------------------------------------------------
Finished Rebuilding User Hierarchy : Time (s): cpu = 00:00:27 ; elapsed = 00:00:28 . Memory (MB): peak = 3235.680 ; gain = 863.895 ; free physical = 11962 ; free virtual = 17283
---------------------------------------------------------------------------------
---------------------------------------------------------------------------------
Start Renaming Generated Ports
---------------------------------------------------------------------------------
---------------------------------------------------------------------------------
Finished Renaming Generated Ports : Time (s): cpu = 00:00:27 ; elapsed = 00:00:28 . Memory (MB): peak = 3235.680 ; gain = 863.895 ; free physical = 11962 ; free virtual = 17283
---------------------------------------------------------------------------------
---------------------------------------------------------------------------------
Start Handling Custom Attributes
---------------------------------------------------------------------------------
---------------------------------------------------------------------------------
Finished Handling Custom Attributes : Time (s): cpu = 00:00:27 ; elapsed = 00:00:28 . Memory (MB): peak = 3235.680 ; gain = 863.895 ; free physical = 11962 ; free virtual = 17282
---------------------------------------------------------------------------------
---------------------------------------------------------------------------------
Start Renaming Generated Nets
---------------------------------------------------------------------------------
---------------------------------------------------------------------------------
Finished Renaming Generated Nets : Time (s): cpu = 00:00:27 ; elapsed = 00:00:28 . Memory (MB): peak = 3235.680 ; gain = 863.895 ; free physical = 11962 ; free virtual = 17282
---------------------------------------------------------------------------------
---------------------------------------------------------------------------------
Start Writing Synthesis Report
---------------------------------------------------------------------------------

Report BlackBoxes: 
+-+--------------+----------+
| |BlackBox name |Instances |
+-+--------------+----------+
+-+--------------+----------+

Report Cell Usage: 
+------+-----+------+
|      |Cell |Count |
+------+-----+------+
|1     |FDS  |     1|
+------+-----+------+
---------------------------------------------------------------------------------
Finished Writing Synthesis Report : Time (s): cpu = 00:00:27 ; elapsed = 00:00:28 . Memory (MB): peak = 3235.680 ; gain = 863.895 ; free physical = 11962 ; free virtual = 17282
---------------------------------------------------------------------------------
Synthesis finished with 0 errors, 0 critical warnings and 1 warnings.
Synthesis Optimization Runtime : Time (s): cpu = 00:00:22 ; elapsed = 00:00:22 . Memory (MB): peak = 3235.680 ; gain = 778.258 ; free physical = 11958 ; free virtual = 17279
Synthesis Optimization Complete : Time (s): cpu = 00:00:28 ; elapsed = 00:00:28 . Memory (MB): peak = 3235.688 ; gain = 863.895 ; free physical = 11958 ; free virtual = 17279
INFO: [Project 1-571] Translating synthesized netlist
Netlist sorting complete. Time (s): cpu = 00:00:00.01 ; elapsed = 00:00:00 . Memory (MB): peak = 3235.688 ; gain = 0.000 ; free physical = 11956 ; free virtual = 17276
INFO: [Netlist 29-17] Analyzing 1 Unisim elements for replacement
INFO: [Netlist 29-28] Unisim Transformation completed in 0 CPU seconds
INFO: [Project 1-570] Preparing netlist for logic optimization
INFO: [Opt 31-138] Pushed 0 inverter(s) to 0 load pin(s).
Netlist sorting complete. Time (s): cpu = 00:00:00 ; elapsed = 00:00:00 . Memory (MB): peak = 3310.469 ; gain = 0.000 ; free physical = 12142 ; free virtual = 17462
INFO: [Project 1-111] Unisim Transformation Summary:
  A total of 1 instances were transformed.
  FDS => FDSE: 1 instance 

Synth Design complete | Checksum: d9ce12c4
INFO: [Common 17-83] Releasing license: Synthesis
27 Infos, 1 Warnings, 0 Critical Warnings and 0 Errors encountered.
synth_design completed successfully
synth_design: Time (s): cpu = 00:00:39 ; elapsed = 00:00:36 . Memory (MB): peak = 3310.504 ; gain = 1979.781 ; free physical = 12142 ; free virtual = 17461
INFO: [Common 17-2834] synth_design peak Physical Memory [PSS] (MB): overall = 2425.248; main = 2425.248; forked = 294.998
INFO: [Common 17-2834] synth_design peak Virtual Memory [VSS] (MB): overall = 3902.516; main = 3310.469; forked = 961.508
INFO: [Common 17-1381] The checkpoint '/home/mario_local/Documentos/TFM/VivadoTutorial/IPI-Basics/Lab-1/Lab-1.runs/design_1_dlmb_v10_0_synth_1/design_1_dlmb_v10_0.dcp' has been generated.
INFO: [Coretcl 2-1648] Added synthesis output to IP cache for IP design_1_dlmb_v10_0, cache-ID = 2a9323e2a1c6ec54
INFO: [Common 17-1381] The checkpoint '/home/mario_local/Documentos/TFM/VivadoTutorial/IPI-Basics/Lab-1/Lab-1.runs/design_1_dlmb_v10_0_synth_1/design_1_dlmb_v10_0.dcp' has been generated.
INFO: [runtcl-4] Executing : report_utilization -file design_1_dlmb_v10_0_utilization_synth.rpt -pb design_1_dlmb_v10_0_utilization_synth.pb
INFO: [Common 17-206] Exiting Vivado at Fri Mar  8 14:15:44 2024...
