#
# An unexpected error has occurred (11)
#
Stack:
/lib/x86_64-linux-gnu/libc.so.6(+0x3c050) [0x7f9653c5b050]
/opt/xilinx/Vivado/2023.2/lib/lnx64.o/librdi_netlist.so(HDLHIdCatalog::getInstance(unsigned int) const+0) [0x7f963416f9b0]
/opt/xilinx/Vivado/2023.2/lib/lnx64.o/librdi_netlist.so(HDAHUtils::getObjInfo[abi:cxx11](HANENetlist const*, HDAHAttrObj const*)+0x4d) [0x7f9634076e2d]
/opt/xilinx/Vivado/2023.2/lib/lnx64.o/librdi_constraints.so(HDCConstraintObjectTable::getConstraintObjectInfo[abi:cxx11](HDAHAttrObj const*, boost::shared_ptr<sta::LibraryCatalog> const&) const+0x35) [0x7f9641995fd5]
/opt/xilinx/Vivado/2023.2/lib/lnx64.o/librdi_constraints.so(HDCConstraintObjectTable::writeConstrClocksTable(HBConProtoBufWriter&) const+0x4c5) [0x7f9641998755]
/opt/xilinx/Vivado/2023.2/lib/lnx64.o/librdi_constraints.so(HDCConstraintObjectTable::write(HBConProtoBufWriter&)+0x21) [0x7f964199a111]
/opt/xilinx/Vivado/2023.2/lib/lnx64.o/librdi_constraints.so(HBConWriterImpl::write(HSTVector<HDCBase const*, std::allocator<HDCBase const*> >&, std::__cxx11::basic_string<char, std::char_traits<char>, std::allocator<char> > const&)+0x316) [0x7f964147e606]
/opt/xilinx/Vivado/2023.2/lib/lnx64.o/librdi_constraints.so(HBConWriter::write(HSTVector<HDCBase const*, std::allocator<HDCBase const*> >&, std::__cxx11::basic_string<char, std::char_traits<char>, std::allocator<char> > const&)+0x2a4) [0x7f964147e9e4]
/opt/xilinx/Vivado/2023.2/lib/lnx64.o/librdi_constraints.so(HUOWriter::exportUcfFile(HUOFileInfo const&, HSTVector<HDCBase const*, std::allocator<HDCBase const*> >&, bool, bool, bool) const+0xcb1) [0x7f964279f441]
/opt/xilinx/Vivado/2023.2/lib/lnx64.o/librdi_constraints.so(HUOWriter::write(HUOFileInfo const&, HUOWriter::InvalidConstrOutputMode, bool, bool, HUOPatternMapper&, bool, HSTVector<std::__cxx11::basic_string<char, std::char_traits<char>, std::allocator<char> >, std::allocator<std::__cxx11::basic_string<char, std::char_traits<char>, std::allocator<char> > > > const&, std::__cxx11::basic_string<char, std::char_traits<char>, std::allocator<char> > const&) const+0x1bf9) [0x7f96427a4ea9]
/opt/xilinx/Vivado/2023.2/lib/lnx64.o/librdi_designutils.so(HAFDWriter::writeCheckPointConstr(std::__cxx11::basic_string<char, std::char_traits<char>, std::allocator<char> > const&, HSTVector<std::__cxx11::basic_string<char, std::char_traits<char>, std::allocator<char> >, std::allocator<std::__cxx11::basic_string<char, std::char_traits<char>, std::allocator<char> > > > const&, std::__cxx11::basic_string<char, std::char_traits<char>, std::allocator<char> > const&, std::__cxx11::basic_string<char, std::char_traits<char>, std::allocator<char> > const&, HDGUIStatus&, bool, HUOPatternMapper&, bool) const+0x529) [0x7f963d7830d9]
/opt/xilinx/Vivado/2023.2/lib/lnx64.o/librdi_runs.so(DcpWriter::exportBinaryConstrs()+0x77e) [0x7f962d3f857e]
/opt/xilinx/Vivado/2023.2/lib/lnx64.o/librdi_runs.so(+0x1faabc) [0x7f962d3faabc]
/opt/xilinx/Vivado/2023.2/lib/lnx64.o/librdi_runs.so(+0x1ff2db) [0x7f962d3ff2db]
/lib/x86_64-linux-gnu/libc.so.6(+0x8df97) [0x7f9653cacf97]
/opt/xilinx/Vivado/2023.2/lib/lnx64.o/librdi_runs.so(+0x1e180d) [0x7f962d3e180d]
/opt/xilinx/Vivado/2023.2/lib/lnx64.o/librdi_runs.so(+0x2010d2) [0x7f962d4010d2]
/opt/xilinx/Vivado/2023.2/lib/lnx64.o/librdi_runs.so(DcpWriter::_create()+0xdea) [0x7f962d3f989a]
/opt/xilinx/Vivado/2023.2/lib/lnx64.o/librdi_runs.so(DcpWriter::_create_with_error_handling()+0x29) [0x7f962d3fa399]
/opt/xilinx/Vivado/2023.2/lib/lnx64.o/librdi_project.so(HAPRDesignCheckpoint::create(HAPRDesign*, HBOBoard const*, std::__cxx11::basic_string<char, std::char_traits<char>, std::allocator<char> > const&, std::__cxx11::basic_string<char, std::char_traits<char>, std::allocator<char> > const&, bool, bool, bool, bool, std::__cxx11::basic_string<char, std::char_traits<char>, std::allocator<char> > const&, std::__cxx11::basic_string<char, std::char_traits<char>, std::allocator<char> > const&, std::__cxx11::basic_string<char, std::char_traits<char>, std::allocator<char> > const&, bool, std::__cxx11::basic_string<char, std::char_traits<char>, std::allocator<char> > const&, bool, bool, std::vector<std::__cxx11::basic_string<char, std::char_traits<char>, std::allocator<char> >, std::allocator<std::__cxx11::basic_string<char, std::char_traits<char>, std::allocator<char> > > >&, HDGUIStatus&, std::__cxx11::basic_string<char, std::char_traits<char>, std::allocator<char> > const&, bool, std::unordered_set<DcpTypes::FileType, std::hash<DcpTypes::FileType>, std::equal_to<DcpTypes::FileType>, std::allocator<DcpTypes::FileType> > const&, std::unordered_set<DcpTypes::FileType, std::hash<DcpTypes::FileType>, std::equal_to<DcpTypes::FileType>, std::allocator<DcpTypes::FileType> > const&, std::__cxx11::basic_string<char, std::char_traits<char>, std::allocator<char> > const&)+0x3a6) [0x7f962ee9a726]
/opt/xilinx/Vivado/2023.2/lib/lnx64.o/librdi_tcltasks.so(+0x23d6fb7) [0x7f9645dd6fb7]
/opt/xilinx/Vivado/2023.2/lib/lnx64.o/librdi_common.so(+0xd7d9bf) [0x7f9654f7d9bf]
/opt/xilinx/Vivado/2023.2/lib/lnx64.o/libtcl8.5.so(+0x3356f) [0x7f964f43356f]
/opt/xilinx/Vivado/2023.2/lib/lnx64.o/libtcl8.5.so(+0x76945) [0x7f964f476945]
/opt/xilinx/Vivado/2023.2/lib/lnx64.o/libtcl8.5.so(+0x7e0f9) [0x7f964f47e0f9]
/opt/xilinx/Vivado/2023.2/lib/lnx64.o/libtcl8.5.so(TclEvalObjEx+0x76) [0x7f964f435216]
/opt/xilinx/Vivado/2023.2/lib/lnx64.o/librdi_commontasks.so(+0x261f0e) [0x7f9648061f0e]
/opt/xilinx/Vivado/2023.2/lib/lnx64.o/libtcl8.5.so(+0x3356f) [0x7f964f43356f]
/opt/xilinx/Vivado/2023.2/lib/lnx64.o/libtcl8.5.so(+0x34bf8) [0x7f964f434bf8]
/opt/xilinx/Vivado/2023.2/lib/lnx64.o/libtcl8.5.so(+0xad566) [0x7f964f4ad566]
/opt/xilinx/Vivado/2023.2/lib/lnx64.o/libtcl8.5.so(+0x34785) [0x7f964f434785]
/opt/xilinx/Vivado/2023.2/lib/lnx64.o/libtcl8.5.so(Tcl_EvalEx+0x13) [0x7f964f435163]
/opt/xilinx/Vivado/2023.2/lib/lnx64.o/libtcl8.5.so(Tcl_FSEvalFileEx+0x1da) [0x7f964f499d2a]
/opt/xilinx/Vivado/2023.2/lib/lnx64.o/librdi_commontasks.so(+0x27e220) [0x7f964807e220]
/opt/xilinx/Vivado/2023.2/lib/lnx64.o/librdi_common.so(+0xd7d9bf) [0x7f9654f7d9bf]
/opt/xilinx/Vivado/2023.2/lib/lnx64.o/libtcl8.5.so(+0x3356f) [0x7f964f43356f]
/opt/xilinx/Vivado/2023.2/lib/lnx64.o/libtcl8.5.so(Tcl_EvalObjv+0x32) [0x7f964f4336a2]
/opt/xilinx/Vivado/2023.2/lib/lnx64.o/libtcl8.5.so(TclEvalObjEx+0x322) [0x7f964f4354c2]
/opt/xilinx/Vivado/2023.2/lib/lnx64.o/librdi_commontasks.so(+0x2c5b6d) [0x7f96480c5b6d]
/opt/xilinx/Vivado/2023.2/lib/lnx64.o/librdi_commontasks.so(+0x2c717f) [0x7f96480c717f]
/opt/xilinx/Vivado/2023.2/lib/lnx64.o/librdi_common.so(+0xd7d9bf) [0x7f9654f7d9bf]
/opt/xilinx/Vivado/2023.2/lib/lnx64.o/libtcl8.5.so(+0x3356f) [0x7f964f43356f]
/opt/xilinx/Vivado/2023.2/lib/lnx64.o/libtcl8.5.so(Tcl_EvalObjv+0x32) [0x7f964f4336a2]
/opt/xilinx/Vivado/2023.2/lib/lnx64.o/libtcl8.5.so(TclEvalObjEx+0x322) [0x7f964f4354c2]
/opt/xilinx/Vivado/2023.2/lib/lnx64.o/librdi_commonmain.so(+0xe752) [0x7f9655d22752]
/opt/xilinx/Vivado/2023.2/lib/lnx64.o/libtcl8.5.so(Tcl_Main+0x1d0) [0x7f964f4a02f0]
/opt/xilinx/Vivado/2023.2/lib/lnx64.o/librdi_common.so(+0xda6f7b) [0x7f9654fa6f7b]
/lib/x86_64-linux-gnu/libc.so.6(+0x89134) [0x7f9653ca8134]
/lib/x86_64-linux-gnu/libc.so.6(+0x1097dc) [0x7f9653d287dc]
